<?xml version="1.0" encoding="UTF-8"?>
<!-- Generated by org.testng.reporters.JUnitXMLReporter -->
<testsuite ignored="1" hostname="Vishals-MacBook-Air.local" failures="0" tests="1" name="Default test" time="1.757" errors="0" timestamp="2023-12-05T12:37:59 IST">
  <testcase classname="com.zenohealth.tests.api.ReqresTest" name="createNewUser" time="1.744"/>
  <testcase classname="com.zenohealth.tests.api.ReqresTest" name="testListUsersApi" time="0.0">
    <ignored/>
  </testcase> <!-- testListUsersApi -->
</testsuite> <!-- Default test -->
