<?xml version="1.0" encoding="UTF-8"?>
<testng-results ignored="1" total="2" passed="1" failed="0" skipped="0">
  <reporter-output>
  </reporter-output>
  <suite started-at="2023-12-05T12:37:58 IST" name="Default suite" finished-at="2023-12-05T12:37:59 IST" duration-ms="1757">
    <groups>
    </groups>
    <test started-at="2023-12-05T12:37:58 IST" name="Default test" finished-at="2023-12-05T12:37:59 IST" duration-ms="1757">
      <class name="com.zenohealth.tests.api.ReqresTest">
        <test-method signature="createNewUser()[pri:0, instance:com.zenohealth.tests.api.ReqresTest@3214ee6]" started-at="2023-12-05T12:37:58 IST" name="createNewUser" finished-at="2023-12-05T12:37:59 IST" duration-ms="1744" status="PASS">
          <reporter-output>
          </reporter-output>
        </test-method> <!-- createNewUser -->
      </class> <!-- com.zenohealth.tests.api.ReqresTest -->
    </test> <!-- Default test -->
  </suite> <!-- Default suite -->
</testng-results>
