<?xml version="1.0" encoding="UTF-8"?>
<testng-results ignored="0" total="1" passed="1" failed="0" skipped="0">
  <reporter-output>
  </reporter-output>
  <suite started-at="2023-12-03T20:17:31 IST" name="Default suite" finished-at="2023-12-03T20:18:37 IST" duration-ms="66254">
    <groups>
    </groups>
    <test started-at="2023-12-03T20:17:31 IST" name="Default test" finished-at="2023-12-03T20:18:37 IST" duration-ms="66254">
      <class name="com.zenohealth.tests.DemoTest">
        <test-method is-config="true" signature="setup()[pri:0, instance:com.zenohealth.tests.DemoTest@7d9f158f]" started-at="2023-12-03T20:17:31 IST" name="setup" finished-at="2023-12-03T20:18:37 IST" duration-ms="66164" status="PASS">
          <reporter-output>
          </reporter-output>
        </test-method> <!-- setup -->
        <test-method signature="testLogin()[pri:0, instance:com.zenohealth.tests.DemoTest@7d9f158f]" started-at="2023-12-03T20:18:37 IST" name="testLogin" finished-at="2023-12-03T20:18:37 IST" duration-ms="27" status="PASS">
          <reporter-output>
          </reporter-output>
        </test-method> <!-- testLogin -->
      </class> <!-- com.zenohealth.tests.DemoTest -->
    </test> <!-- Default test -->
  </suite> <!-- Default suite -->
</testng-results>
